TN:
SF:src/modules/submitFeedback.ts
FN:15,execute
FN:11,submitFeedback
FNF:2
FNH:2
FNDA:4,execute
FNDA:1,submitFeedback
DA:1,1
DA:2,1
DA:3,1
DA:4,1
DA:5,1
DA:6,1
DA:7,1
DA:8,1
DA:9,1
DA:10,1
DA:11,1
DA:12,1
DA:13,1
DA:14,1
DA:15,1
DA:16,4
DA:17,4
DA:18,4
DA:19,0
DA:20,0
DA:21,4
DA:22,4
DA:23,2
DA:24,2
DA:25,2
DA:26,2
DA:27,2
DA:28,2
DA:29,2
DA:30,2
DA:31,2
DA:32,2
DA:33,2
DA:34,2
DA:35,2
DA:36,2
DA:37,2
DA:38,2
DA:39,2
DA:40,2
DA:41,2
DA:42,1
LF:42
LH:40
BRDA:15,0,0,4
BRDA:18,1,0,3
BRDA:18,2,0,0
BRDA:22,3,0,3
BRDA:22,4,0,2
BRDA:11,5,0,1
BRF:6
BRH:5
end_of_record
